

Microchip MPLAB XC8 Assembler V2.50 build 20240725155939 
                                                                                               Sat Dec 21 21:17:03 2024

Microchip MPLAB XC8 C Compiler v2.50 (Free license) build 20240725155939 Og1 
     1                           	processor	12F675
     2                           	pagewidth 120
     3                           	opt	flic
     4                           	psect	cinit,global,class=CODE,space=0,merge=1,delta=2
     5                           	psect	bssBANK0,global,class=BANK0,space=1,delta=1,noexec
     6                           	psect	cstackCOMMON,global,class=COMMON,space=1,delta=1,noexec
     7                           	psect	cstackBANK0,global,class=BANK0,space=1,delta=1,noexec
     8                           	psect	maintext,global,class=CODE,space=0,split=1,delta=2
     9                           	psect	config,global,abs,ovrld,class=CONFIG,space=4,delta=2,noexec
    10                           	dabs	1,0x5E,2
    11     0000                     
    12                           ; Generated 17/08/2023 GMT
    13                           ; 
    14                           ; Copyright © 2023, Microchip Technology Inc. and its subsidiaries ("Microchip")
    15                           ; All rights reserved.
    16                           ; 
    17                           ; This software is developed by Microchip Technology Inc. and its subsidiaries ("Microch
      +                          ip").
    18                           ; 
    19                           ; Redistribution and use in source and binary forms, with or without modification, are
    20                           ; permitted provided that the following conditions are met:
    21                           ; 
    22                           ;     1. Redistributions of source code must retain the above copyright notice, this lis
      +                          t of
    23                           ;        conditions and the following disclaimer.
    24                           ; 
    25                           ;     2. Redistributions in binary form must reproduce the above copyright notice, this 
      +                          list
    26                           ;        of conditions and the following disclaimer in the documentation and/or other
    27                           ;        materials provided with the distribution. Publication is not required when
    28                           ;        this file is used in an embedded application.
    29                           ; 
    30                           ;     3. Microchip's name may not be used to endorse or promote products derived from th
      +                          is
    31                           ;        software without specific prior written permission.
    32                           ; 
    33                           ; THIS SOFTWARE IS PROVIDED BY MICROCHIP "AS IS" AND ANY EXPRESS OR IMPLIED WARRANTIES,
    34                           ; INCLUDING, BUT NOT LIMITED TO, THE IMPLIED WARRANTIES OF MERCHANTABILITY AND FITNESS F
      +                          OR
    35                           ; PURPOSE ARE DISCLAIMED.  IN NO EVENT SHALL MICROCHIP BE LIABLE FOR ANY DIRECT, INDIREC
      +                          T,
    36                           ; INCIDENTAL, SPECIAL, EXEMPLARY, OR CONSEQUENTIAL DAMAGES (INCLUDING BUT NOT LIMITED TO
    37                           ; PROCUREMENT OF SUBSTITUTE GOODS OR SERVICES; LOSS OF USE, DATA OR PROFITS; OR BUSINESS
    38                           ; INTERRUPTION) HOWSOEVER CAUSED AND ON ANY THEORY OF LIABILITY, WHETHER IN CONTRACT, ST
      +                          RICT
    39                           ; LIABILITY, OR TORT (INCLUDING NEGLIGENCE OR OTHERWISE) ARISING IN ANY WAY OUT OF THE U
      +                          SE OF
    40                           ; THIS SOFTWARE, EVEN IF ADVISED OF THE POSSIBILITY OF SUCH DAMAGE.
    41                           ; 
    42                           ; 
    43                           ; Code-generator required, PIC12F675 Definitions
    44                           ; 
    45                           ; SFR Addresses
    46     0004                     fsr             equ	4
    47     0004                     fsr0            equ	4
    48     0000                     indf            equ	0
    49     0000                     indf0           equ	0
    50     0002                     pc              equ	2
    51     0002                     pcl             equ	2
    52     000A                     pclath          equ	10
    53     0003                     status          equ	3
    54     0000                     INDF            equ	0	;# 
    55     0001                     TMR0            equ	1	;# 
    56     0002                     PCL             equ	2	;# 
    57     0003                     STATUS          equ	3	;# 
    58     0004                     FSR             equ	4	;# 
    59     0005                     GPIO            equ	5	;# 
    60     000A                     PCLATH          equ	10	;# 
    61     000B                     INTCON          equ	11	;# 
    62     000C                     PIR1            equ	12	;# 
    63     000E                     TMR1            equ	14	;# 
    64     000E                     TMR1L           equ	14	;# 
    65     000F                     TMR1H           equ	15	;# 
    66     0010                     T1CON           equ	16	;# 
    67     0019                     CMCON           equ	25	;# 
    68     001E                     ADRESH          equ	30	;# 
    69     001F                     ADCON0          equ	31	;# 
    70     0081                     OPTION_REG      equ	129	;# 
    71     0085                     TRISIO          equ	133	;# 
    72     008C                     PIE1            equ	140	;# 
    73     008E                     PCON            equ	142	;# 
    74     0090                     OSCCAL          equ	144	;# 
    75     0095                     WPU             equ	149	;# 
    76     0096                     IOC             equ	150	;# 
    77     0096                     IOCB            equ	150	;# 
    78     0099                     VRCON           equ	153	;# 
    79     009A                     EEDATA          equ	154	;# 
    80     009A                     EEDAT           equ	154	;# 
    81     009B                     EEADR           equ	155	;# 
    82     009C                     EECON1          equ	156	;# 
    83     009D                     EECON2          equ	157	;# 
    84     009E                     ADRESL          equ	158	;# 
    85     009F                     ANSEL           equ	159	;# 
    86     0000                     INDF            equ	0	;# 
    87     0001                     TMR0            equ	1	;# 
    88     0002                     PCL             equ	2	;# 
    89     0003                     STATUS          equ	3	;# 
    90     0004                     FSR             equ	4	;# 
    91     0005                     GPIO            equ	5	;# 
    92     000A                     PCLATH          equ	10	;# 
    93     000B                     INTCON          equ	11	;# 
    94     000C                     PIR1            equ	12	;# 
    95     000E                     TMR1            equ	14	;# 
    96     000E                     TMR1L           equ	14	;# 
    97     000F                     TMR1H           equ	15	;# 
    98     0010                     T1CON           equ	16	;# 
    99     0019                     CMCON           equ	25	;# 
   100     001E                     ADRESH          equ	30	;# 
   101     001F                     ADCON0          equ	31	;# 
   102     0081                     OPTION_REG      equ	129	;# 
   103     0085                     TRISIO          equ	133	;# 
   104     008C                     PIE1            equ	140	;# 
   105     008E                     PCON            equ	142	;# 
   106     0090                     OSCCAL          equ	144	;# 
   107     0095                     WPU             equ	149	;# 
   108     0096                     IOC             equ	150	;# 
   109     0096                     IOCB            equ	150	;# 
   110     0099                     VRCON           equ	153	;# 
   111     009A                     EEDATA          equ	154	;# 
   112     009A                     EEDAT           equ	154	;# 
   113     009B                     EEADR           equ	155	;# 
   114     009C                     EECON1          equ	156	;# 
   115     009D                     EECON2          equ	157	;# 
   116     009E                     ADRESL          equ	158	;# 
   117     009F                     ANSEL           equ	159	;# 
   118     000B                     _INTCON         set	11
   119     0019                     _CMCON          set	25
   120     0001                     _TMR0           set	1
   121     005A                     _T0IF           set	90
   122     002D                     _GP5            set	45
   123     0081                     _OPTION_REG     set	129
   124     0090                     _OSCCAL         set	144
   125     0095                     _WPU            set	149
   126     009F                     _ANSEL          set	159
   127     0085                     _TRISIO         set	133
   128                           
   129                           	psect	cinit
   130     03F8                     start_initialization:	
   131                           ; #config settings
   132                           
   133     03F8                     __initialization:
   134                           
   135                           ; Clear objects allocated to BANK0
   136     03F8  1283               	bcf	3,5	;RP0=0, select bank0
   137     03F9  01A0               	clrf	__pbssBANK0& (0+127)
   138     03FA  01A1               	clrf	(__pbssBANK0+1)& (0+127)
   139     03FB  01A2               	clrf	(__pbssBANK0+2)& (0+127)
   140     03FC  01A3               	clrf	(__pbssBANK0+3)& (0+127)
   141     03FD                     end_of_initialization:	
   142                           ;End of C runtime variable initialization code
   143                           
   144     03FD                     __end_of__initialization:
   145     03FD  0183               	clrf	3
   146     03FE  2BE4               	ljmp	_main	;jump to C main() function
   147                           
   148                           	psect	bssBANK0
   149     0020                     __pbssBANK0:
   150     0020                     _tempo_pisca:
   151     0020                     	ds	4
   152                           
   153                           	psect	cstackCOMMON
   154     0000                     __pcstackCOMMON:
   155     0000                     ??_main:
   156                           
   157                           	psect	cstackBANK0
   158     0000                     __pcstackBANK0:	
   159                           ; 1 bytes @ 0x0
   160                           
   161     0000                     ?_main:
   162                           
   163                           	psect	maintext
   164     03E4                     __pmaintext:	
   165                           ; 2 bytes @ 0x0
   166 ;;
   167 ;;Main: autosize = 0, tempsize = 0, incstack = 0, save=0
   168 ;;
   169 ;; *************** function _main *****************
   170 ;; Defined at:
   171 ;;		line 29 in file "main-egg-timer.c"
   172 ;; Parameters:    Size  Location     Type
   173 ;;		None
   174 ;; Auto vars:     Size  Location     Type
   175 ;;		None
   176 ;; Return value:  Size  Location     Type
   177 ;;                  2   29[None  ] int 
   178 ;; Registers used:
   179 ;;		status,2
   180 ;; Tracked objects:
   181 ;;		On entry : B00/0
   182 ;;		On exit  : 0/0
   183 ;;		Unchanged: 0/0
   184 ;; Data sizes:     COMMON   BANK0
   185 ;;      Params:         0       0
   186 ;;      Locals:         0       0
   187 ;;      Temps:          0       0
   188 ;;      Totals:         0       0
   189 ;;Total ram usage:        0 bytes
   190 ;; This function calls:
   191 ;;		Nothing
   192 ;; This function is called by:
   193 ;;		Startup code after reset
   194 ;; This function uses a non-reentrant model
   195 ;;
   196                           
   197     03E4                     _main:	
   198                           ;psect for function _main
   199                           
   200     03E4                     l592:	
   201                           ;incstack = 0
   202                           ; Regs used in _main: [status,2]
   203                           
   204     03E4  3001               	movlw	1
   205     03E5  1683               	bsf	3,5	;RP0=1, select bank1
   206     03E6  0085               	movwf	5	;volatile
   207     03E7  3007               	movlw	7
   208     03E8  1283               	bcf	3,5	;RP0=0, select bank0
   209     03E9  0099               	movwf	25	;volatile
   210     03EA                     l594:
   211     03EA  1683               	bsf	3,5	;RP0=1, select bank1
   212     03EB  019F               	clrf	31	;volatile
   213     03EC  0195               	clrf	21	;volatile
   214     03ED  1283               	bcf	3,5	;RP0=0, select bank0
   215     03EE  0181               	clrf	1	;volatile
   216     03EF                     l596:
   217     03EF  30FF               	movlw	255
   218     03F0  1683               	bsf	3,5	;RP0=1, select bank1
   219     03F1  0090               	movwf	16	;volatile
   220     03F2                     l598:
   221     03F2  3081               	movlw	129
   222     03F3  0081               	movwf	1	;volatile
   223     03F4                     l600:
   224     03F4  30E0               	movlw	224
   225     03F5  008B               	movwf	11	;volatile
   226     03F6                     l30:
   227     03F6  2BF6               	goto	l30
   228     03F7  2800               	ljmp	start
   229     03F8                     __end_of_main:
   230     0000                     ___latbits      equ	0
   231     005E                     btemp           set	94	;btemp
   232     005E                     wtemp0          set	94
   233                           
   234                           	psect	config
   235                           
   236                           ;Config register CONFIG @ 0x2007
   237                           ;	Oscillator Selection bits
   238                           ;	FOSC = INTRCIO, INTOSC oscillator: I/O function on GP4/OSC2/CLKOUT pin, I/O function o
      +                          n GP5/OSC1/CLKIN
   239                           ;	Watchdog Timer Enable bit
   240                           ;	WDTE = OFF, WDT disabled
   241                           ;	Power-Up Timer Enable bit
   242                           ;	PWRTE = ON, PWRT enabled
   243                           ;	GP3/MCLR pin function select
   244                           ;	MCLRE = OFF, GP3/MCLR pin function is digital I/O, MCLR internally tied to VDD
   245                           ;	Brown-out Detect Enable bit
   246                           ;	BOREN = OFF, BOD disabled
   247                           ;	Code Protection bit
   248                           ;	CP = OFF, Program Memory code protection is disabled
   249                           ;	Data Code Protection bit
   250                           ;	CPD = OFF, Data memory code protection is disabled
   251     2007                     	org	8199
   252     2007  3184               	dw	12676

Data Sizes:
    Strings     0
    Constant    0
    Data        0
    BSS         4
    Persistent  0
    Stack       0

Auto Spaces:
    Space          Size  Autos    Used
    COMMON            0      0       0
    BANK0            62      0       4

Pointer List with Targets:

    None.

Critical Paths under _main in COMMON

    None.

Critical Paths under _main in BANK0

    None.

Call Graph Tables:

 ---------------------------------------------------------------------------------
 (Depth) Function   	        Calls       Base Space   Used Autos Params    Refs
 ---------------------------------------------------------------------------------
 (0) _main                                                 0     0      0       0
 ---------------------------------------------------------------------------------
 Estimated maximum stack depth 0
 ---------------------------------------------------------------------------------

 Call Graph Graphs:

 _main (ROOT)

Address spaces:
Name               Size   Autos  Total    Usage
BITCOMMON            0      0       0      0.0%
BITBANK0            62      0       0      0.0%
COMMON               0      0       0      0.0%
BANK0               62      0       4      6.5%
STACK                0      0       0      0.0%
DATA                 0      0       4      0.0%


Microchip Technology PIC Macro Assembler V2.50 build 20240725155939 
Symbol Table                                                                                   Sat Dec 21 21:17:03 2024

                     l30 03F6                      l600 03F4                      l592 03E4  
                    l594 03EA                      l596 03EF                      l598 03F2  
                    _GP5 002D                      _WPU 0095                     _T0IF 005A  
                   _TMR0 0001                     _main 03E4                     btemp 005E  
                   start 0000                    ?_main 0000                    _CMCON 0019  
                  _ANSEL 009F                    status 0003                    wtemp0 005E  
        __initialization 03F8             __end_of_main 03F8                   ??_main 0000  
                 _INTCON 000B                   _OSCCAL 0090                   _TRISIO 0085  
__end_of__initialization 03FD           __pcstackCOMMON 0000               __pbssBANK0 0020  
             __pmaintext 03E4     end_of_initialization 03FD      start_initialization 03F8  
              ___latbits 0000            __pcstackBANK0 0000               _OPTION_REG 0081  
            _tempo_pisca 0020  
