

Microchip MPLAB XC8 Assembler V2.46 build 20240104201356 
                                                                                               Sat Dec 21 20:51:27 2024

Microchip MPLAB XC8 C Compiler v2.46 (Free license) build 20240104201356 Og1 
     1                           	processor	12F675
     2                           	pagewidth 120
     3                           	opt	flic
     4                           	psect	cinit,global,class=CODE,merge=1,delta=2
     5                           	psect	cstackBANK0,global,class=BANK0,space=1,delta=1,noexec
     6                           	psect	maintext,global,class=CODE,split=1,delta=2
     7                           	psect	config,global,abs,ovrld,class=CONFIG,space=4,delta=2,noexec
     8                           	dabs	1,0x5E,2
     9     0000                     
    10                           ; Generated 17/08/2023 GMT
    11                           ; 
    12                           ; Copyright © 2023, Microchip Technology Inc. and its subsidiaries ("Microchip")
    13                           ; All rights reserved.
    14                           ; 
    15                           ; This software is developed by Microchip Technology Inc. and its subsidiaries ("Microch
      +                          ip").
    16                           ; 
    17                           ; Redistribution and use in source and binary forms, with or without modification, are
    18                           ; permitted provided that the following conditions are met:
    19                           ; 
    20                           ;     1. Redistributions of source code must retain the above copyright notice, this lis
      +                          t of
    21                           ;        conditions and the following disclaimer.
    22                           ; 
    23                           ;     2. Redistributions in binary form must reproduce the above copyright notice, this 
      +                          list
    24                           ;        of conditions and the following disclaimer in the documentation and/or other
    25                           ;        materials provided with the distribution. Publication is not required when
    26                           ;        this file is used in an embedded application.
    27                           ; 
    28                           ;     3. Microchip's name may not be used to endorse or promote products derived from th
      +                          is
    29                           ;        software without specific prior written permission.
    30                           ; 
    31                           ; THIS SOFTWARE IS PROVIDED BY MICROCHIP "AS IS" AND ANY EXPRESS OR IMPLIED WARRANTIES,
    32                           ; INCLUDING, BUT NOT LIMITED TO, THE IMPLIED WARRANTIES OF MERCHANTABILITY AND FITNESS F
      +                          OR
    33                           ; PURPOSE ARE DISCLAIMED.  IN NO EVENT SHALL MICROCHIP BE LIABLE FOR ANY DIRECT, INDIREC
      +                          T,
    34                           ; INCIDENTAL, SPECIAL, EXEMPLARY, OR CONSEQUENTIAL DAMAGES (INCLUDING BUT NOT LIMITED TO
    35                           ; PROCUREMENT OF SUBSTITUTE GOODS OR SERVICES; LOSS OF USE, DATA OR PROFITS; OR BUSINESS
    36                           ; INTERRUPTION) HOWSOEVER CAUSED AND ON ANY THEORY OF LIABILITY, WHETHER IN CONTRACT, ST
      +                          RICT
    37                           ; LIABILITY, OR TORT (INCLUDING NEGLIGENCE OR OTHERWISE) ARISING IN ANY WAY OUT OF THE U
      +                          SE OF
    38                           ; THIS SOFTWARE, EVEN IF ADVISED OF THE POSSIBILITY OF SUCH DAMAGE.
    39                           ; 
    40                           ; 
    41                           ; Code-generator required, PIC12F675 Definitions
    42                           ; 
    43                           ; SFR Addresses
    44     0000                     	;# 
    45     0001                     	;# 
    46     0002                     	;# 
    47     0003                     	;# 
    48     0004                     	;# 
    49     0005                     	;# 
    50     000A                     	;# 
    51     000B                     	;# 
    52     000C                     	;# 
    53     000E                     	;# 
    54     000E                     	;# 
    55     000F                     	;# 
    56     0010                     	;# 
    57     0019                     	;# 
    58     001E                     	;# 
    59     001F                     	;# 
    60     0081                     	;# 
    61     0085                     	;# 
    62     008C                     	;# 
    63     008E                     	;# 
    64     0090                     	;# 
    65     0095                     	;# 
    66     0096                     	;# 
    67     0096                     	;# 
    68     0099                     	;# 
    69     009A                     	;# 
    70     009A                     	;# 
    71     009B                     	;# 
    72     009C                     	;# 
    73     009D                     	;# 
    74     009E                     	;# 
    75     009F                     	;# 
    76     0000                     	;# 
    77     0001                     	;# 
    78     0002                     	;# 
    79     0003                     	;# 
    80     0004                     	;# 
    81     0005                     	;# 
    82     000A                     	;# 
    83     000B                     	;# 
    84     000C                     	;# 
    85     000E                     	;# 
    86     000E                     	;# 
    87     000F                     	;# 
    88     0010                     	;# 
    89     0019                     	;# 
    90     001E                     	;# 
    91     001F                     	;# 
    92     0081                     	;# 
    93     0085                     	;# 
    94     008C                     	;# 
    95     008E                     	;# 
    96     0090                     	;# 
    97     0095                     	;# 
    98     0096                     	;# 
    99     0096                     	;# 
   100     0099                     	;# 
   101     009A                     	;# 
   102     009A                     	;# 
   103     009B                     	;# 
   104     009C                     	;# 
   105     009D                     	;# 
   106     009E                     	;# 
   107     009F                     	;# 
   108     001F                     _ADCON0	set	31
   109     0029                     _GPIO1	set	41
   110     0028                     _GPIO0	set	40
   111     009F                     _ANSEL	set	159
   112     0085                     _TRISIO	set	133
   113                           
   114                           	psect	cinit
   115     03FD                     start_initialization:	
   116                           ; #config settings
   117                           
   118     03FD                     __initialization:
   119     03FD                     end_of_initialization:	
   120                           ;End of C runtime variable initialization code
   121                           
   122     03FD                     __end_of__initialization:
   123     03FD  0183               	clrf	3
   124     03FE  2BD3               	ljmp	_main	;jump to C main() function
   125                           
   126                           	psect	cstackBANK0
   127     0020                     __pcstackBANK0:
   128     0020                     ?_main:
   129     0020                     ??_main:	
   130                           ; 1 bytes @ 0x0
   131                           
   132                           
   133                           ; 1 bytes @ 0x0
   134     0020                     	ds	3
   135                           
   136                           	psect	maintext
   137     03D3                     __pmaintext:	
   138 ;;
   139 ;;Main: autosize = 0, tempsize = 3, incstack = 0, save=0
   140 ;;
   141 ;; *************** function _main *****************
   142 ;; Defined at:
   143 ;;		line 25 in file "12f675-blink.c"
   144 ;; Parameters:    Size  Location     Type
   145 ;;		None
   146 ;; Auto vars:     Size  Location     Type
   147 ;;		None
   148 ;; Return value:  Size  Location     Type
   149 ;;                  1    wreg      void 
   150 ;; Registers used:
   151 ;;		wreg, status,2
   152 ;; Tracked objects:
   153 ;;		On entry : B00/0
   154 ;;		On exit  : 0/0
   155 ;;		Unchanged: 0/0
   156 ;; Data sizes:     COMMON   BANK0
   157 ;;      Params:         0       0
   158 ;;      Locals:         0       0
   159 ;;      Temps:          0       3
   160 ;;      Totals:         0       3
   161 ;;Total ram usage:        3 bytes
   162 ;; This function calls:
   163 ;;		Nothing
   164 ;; This function is called by:
   165 ;;		Startup code after reset
   166 ;; This function uses a non-reentrant model
   167 ;;
   168                           
   169     03D3                     _main:	
   170                           ;psect for function _main
   171                           
   172     03D3                     l580:	
   173                           ;incstack = 0
   174                           ; Regs used in _main: [wreg+status,2]
   175                           
   176     03D3  1283               	bcf	3,5	;RP0=0, select bank0
   177     03D4  1005               	bcf	5,0	;volatile
   178     03D5                     l582:
   179     03D5  1683               	bsf	3,5	;RP0=1, select bank1
   180     03D6  0185               	clrf	5	;volatile
   181     03D7  1283               	bcf	3,5	;RP0=0, select bank0
   182     03D8  019F               	clrf	31	;volatile
   183     03D9  1683               	bsf	3,5	;RP0=1, select bank1
   184     03DA  019F               	clrf	31	;volatile
   185     03DB                     l584:
   186     03DB  1283               	bcf	3,5	;RP0=0, select bank0
   187     03DC  1405               	bsf	5,0	;volatile
   188     03DD                     l586:
   189     03DD  1085               	bcf	5,1	;volatile
   190     03DE                     l588:
   191     03DE  3003               	movlw	3
   192     03DF  00A2               	movwf	??_main+2
   193     03E0  308A               	movlw	138
   194     03E1  00A1               	movwf	??_main+1
   195     03E2  3055               	movlw	85
   196     03E3  00A0               	movwf	??_main
   197     03E4                     u17:
   198     03E4  0BA0               	decfsz	??_main,f
   199     03E5  2BE4               	goto	u17
   200     03E6  0BA1               	decfsz	??_main+1,f
   201     03E7  2BE4               	goto	u17
   202     03E8  0BA2               	decfsz	??_main+2,f
   203     03E9  2BE4               	goto	u17
   204     03EA  2BEB               	nop2
   205     03EB                     l590:
   206     03EB  1283               	bcf	3,5	;RP0=0, select bank0
   207     03EC  1005               	bcf	5,0	;volatile
   208     03ED                     l592:
   209     03ED  1405               	bsf	5,0	;volatile
   210     03EE                     l594:
   211     03EE  3003               	movlw	3
   212     03EF  00A2               	movwf	??_main+2
   213     03F0  308A               	movlw	138
   214     03F1  00A1               	movwf	??_main+1
   215     03F2  3055               	movlw	85
   216     03F3  00A0               	movwf	??_main
   217     03F4                     u27:
   218     03F4  0BA0               	decfsz	??_main,f
   219     03F5  2BF4               	goto	u27
   220     03F6  0BA1               	decfsz	??_main+1,f
   221     03F7  2BF4               	goto	u27
   222     03F8  0BA2               	decfsz	??_main+2,f
   223     03F9  2BF4               	goto	u27
   224     03FA  2BFB               	nop2
   225     03FB  2BDB               	goto	l584
   226     03FC  2800               	ljmp	start
   227     03FD                     __end_of_main:
   228     005E                     btemp	set	94	;btemp
   229     005E                     wtemp0	set	94
   230                           
   231                           	psect	config
   232                           
   233                           ;Config register CONFIG @ 0x2007
   234                           ;	Oscillator Selection bits
   235                           ;	FOSC = INTRCIO, INTOSC oscillator: I/O function on GP4/OSC2/CLKOUT pin, I/O function o
      +                          n GP5/OSC1/CLKIN
   236                           ;	Watchdog Timer Enable bit
   237                           ;	WDTE = OFF, WDT disabled
   238                           ;	Power-Up Timer Enable bit
   239                           ;	PWRTE = OFF, PWRT disabled
   240                           ;	GP3/MCLR pin function select
   241                           ;	MCLRE = ON, GP3/MCLR pin function is MCLR
   242                           ;	Brown-out Detect Enable bit
   243                           ;	BOREN = OFF, BOD disabled
   244                           ;	Code Protection bit
   245                           ;	CP = OFF, Program Memory code protection is disabled
   246                           ;	Data Code Protection bit
   247                           ;	CPD = OFF, Data memory code protection is disabled
   248     2007                     	org	8199
   249     2007  31B4               	dw	12724

Data Sizes:
    Strings     0
    Constant    0
    Data        0
    BSS         0
    Persistent  0
    Stack       0

Auto Spaces:
    Space          Size  Autos    Used
    COMMON            0      0       0
    BANK0            62      3       3

Pointer List with Targets:

    None.

Critical Paths under _main in COMMON

    None.

Critical Paths under _main in BANK0

    None.

Call Graph Tables:

 ---------------------------------------------------------------------------------
 (Depth) Function   	        Calls       Base Space   Used Autos Params    Refs
 ---------------------------------------------------------------------------------
 (0) _main                                                 3     3      0       0
                                              0 BANK0      3     3      0
 ---------------------------------------------------------------------------------
 Estimated maximum stack depth 0
 ---------------------------------------------------------------------------------

 Call Graph Graphs:

 _main (ROOT)

 Address spaces:
Name               Size   Autos  Total    Cost      Usage
BITCOMMON            0      0       0       0        0.0%
EEDATA              80      0       0       0        0.0%
NULL                 0      0       0       0        0.0%
CODE                 0      0       0       0        0.0%
BITSFR0              0      0       0       1        0.0%
SFR0                 0      0       0       1        0.0%
COMMON               0      0       0       1        0.0%
BITSFR1              0      0       0       2        0.0%
SFR1                 0      0       0       2        0.0%
STACK                0      0       0       2        0.0%
BITBANK0            3E      0       0       3        0.0%
BANK0               3E      3       3       4        4.8%
ABS                  0      0       0       5        0.0%
DATA                 0      0       0       6        0.0%


Microchip Technology PIC Macro Assembler V2.46 build 20240104201356 
Symbol Table                                                                                   Sat Dec 21 20:51:27 2024

                     u17 03E4                       u27 03F4                      l580 03D3  
                    l590 03EB                      l582 03D5                      l592 03ED  
                    l584 03DB                      l594 03EE                      l586 03DD  
                    l588 03DE                     _main 03D3                     btemp 005E  
                   start 0000                    ?_main 0020                    _ANSEL 009F  
                  _GPIO0 0028                    _GPIO1 0029                    status 0003  
                  wtemp0 005E          __initialization 03FD             __end_of_main 03FD  
                 ??_main 0020                   _ADCON0 001F                   _TRISIO 0085  
__end_of__initialization 03FD               __pmaintext 03D3     end_of_initialization 03FD  
    start_initialization 03FD                ___latbits 0000            __pcstackBANK0 0020  
